This is e-TeX, Version 3.141592-2.2 (MiKTeX 2.4) (preloaded format=latex 2006.4.27)  8 MAY 2006 15:29
entering extended mode
**hits.tex
(hits.tex
LaTeX2e <2005/12/01>
Babel <v3.8g> and hyphenation patterns for english, dumylang, nohyphenation, ge
rman, ngerman, french, loaded.
(C:\texmf\tex\latex\base\article.cls
Document Class: article 2005/09/16 v1.4f Standard LaTeX document class
(C:\texmf\tex\latex\base\size10.clo
File: size10.clo 2005/09/16 v1.4f Standard LaTeX file (size option)
)
\c@part=\count79
\c@section=\count80
\c@subsection=\count81
\c@subsubsection=\count82
\c@paragraph=\count83
\c@subparagraph=\count84
\c@figure=\count85
\c@table=\count86
\abovecaptionskip=\skip41
\belowcaptionskip=\skip42
\bibindent=\dimen102
)

! LaTeX Error: File `ieee8.sty' not found.

Type X to quit or <RETURN> to proceed,
or enter new name. (Default extension: sty)

Enter file name: 
! Emergency stop.
<read *> 
         
l.5 \usepackage
               {times}
End of file on the terminal!

 
Here is how much of TeX's memory you used:
 206 strings out of 95889
 1934 string characters out of 1195257
 46180 words of memory out of 1049882
 3337 multiletter control sequences out of 60000
 3640 words of font info for 14 fonts, out of 1000000 for 2000
 14 hyphenation exceptions out of 4999
 23i,0n,19p,139b,36s stack positions out of 5000i,500n,10000p,200000b,32768s
No pages of output.
